#
# A fatal error has been detected by the Java Runtime Environment:
#
#  EXCEPTION_ACCESS_VIOLATION (0xc0000005) at pc=0x000000006984b640, pid=5364, tid=1472
#
# JRE version: 6.0_27-b07
# Java VM: Java HotSpot(TM) 64-Bit Server VM (20.2-b06 mixed mode windows-amd64 compressed oops)
# Problematic frame:
# C  [atio6axx.dll+0x81b640]
#
# If you would like to submit a bug report, please visit:
#   http://java.sun.com/webapps/bugreport/crash.jsp
# The crash happened outside the Java Virtual Machine in native code.
# See problematic frame for where to report the bug.
#

---------------  T H R E A D  ---------------

Current thread (0x00000000003db000):  JavaThread "main" [_thread_in_native, id=1472, stack(0x0000000001f50000,0x0000000002050000)]

siginfo: ExceptionCode=0xc0000005, reading address 0x0000000000000000

Registers:
RAX=0x0000000000000000, RBX=0x000000006a515200, RCX=0x0000000009b6d000, RDX=0x0000000000000000
RSP=0x000000000204f440, RBP=0x0000000000000000, RSI=0x0000000000000ea1, RDI=0x000000006a515200
R8 =0x0000000000000000, R9 =0x0000000007109000, R10=0x0000000000000ea1, R11=0x0000000009b6d000
R12=0x000000000204f5f0, R13=0x000000006a539c28, R14=0x0000000000000000, R15=0x0000000000000001
RIP=0x000000006984b640, EFLAGS=0x0000000000010246

Top of Stack: (sp=0x000000000204f440)
0x000000000204f440:   000000000003fc00 0000000000000000
0x000000000204f450:   000000003f4ccccd 000000006a515280
0x000000000204f460:   00000000000038bb 000000000823a390
0x000000000204f470:   000000006a515200 00000000698f1b1c
0x000000000204f480:   000000006a539c28 0000000000000ea1
0x000000000204f490:   0000000000000000 0000000000000000
0x000000000204f4a0:   000000006a515280 00000000698b4296
0x000000000204f4b0:   ffffffffffffffff 0000000000000018
0x000000000204f4c0:   0000000000015f18 000000006a537280
0x000000000204f4d0:   0000000000000001 0000000000000000
0x000000000204f4e0:   0000000000000001 0000000000000000
0x000000000204f4f0:   000000000a749000 0000000000000004
0x000000000204f500:   0000000000000ea1 0000000000001405
0x000000000204f510:   0000000000005742 00000000698520a4
0x000000000204f520:   000000006a537280 0000000000000001
0x000000000204f530:   0000000000000ea1 000000000204f5f0 

Instructions: (pc=0x000000006984b640)
0x000000006984b620:   74 06 00 00 48 03 8b 68 06 00 00 4c 8d 04 02 33
0x000000006984b630:   d2 4c 8b d9 66 66 66 66 0f 1f 84 00 00 00 00 00
0x000000006984b640:   49 8b 00 ff c2 48 83 c1 18 48 89 41 e8 41 8b 40
0x000000006984b650:   08 49 83 c0 0c 89 41 f0 49 8b 01 49 83 c1 0c 48 


Register to memory mapping:

RAX=0x0000000000000000 is an unknown value
RBX=0x000000006a515200 is an unknown value
RCX=0x0000000009b6d000 is an unknown value
RDX=0x0000000000000000 is an unknown value
RSP=0x000000000204f440 is pointing into the stack for thread: 0x00000000003db000
RBP=0x0000000000000000 is an unknown value
RSI=0x0000000000000ea1 is an unknown value
RDI=0x000000006a515200 is an unknown value
R8 =0x0000000000000000 is an unknown value
R9 =0x0000000007109000 is an unknown value
R10=0x0000000000000ea1 is an unknown value
R11=0x0000000009b6d000 is an unknown value
R12=0x000000000204f5f0 is pointing into the stack for thread: 0x00000000003db000
R13=0x000000006a539c28 is an unknown value
R14=0x0000000000000000 is an unknown value
R15=0x0000000000000001 is an unknown value


Stack: [0x0000000001f50000,0x0000000002050000],  sp=0x000000000204f440,  free space=1021k
Native frames: (J=compiled Java code, j=interpreted, Vv=VM code, C=native code)
C  [atio6axx.dll+0x81b640]  atiPPHSN+0x2b5530

[error occurred during error reporting (printing native stack), id 0xc0000005]

Java frames: (J=compiled Java code, j=interpreted, Vv=VM code)
j  org.lwjgl.opengl.GL11.nglDrawElements(IIILjava/nio/Buffer;IJ)V+0
j  org.lwjgl.opengl.GL11.glDrawElements(ILjava/nio/IntBuffer;)V+37
j  ObjEntity.renderVertices()V+60
j  Entity.render()V+8
j  EntityRenderer.renderAll()V+84
j  GameWindow.start()V+65
j  Game.play()V+4
j  Game.main([Ljava/lang/String;)V+7
v  ~StubRoutines::call_stub

---------------  P R O C E S S  ---------------

Java Threads: ( => current thread )
  0x0000000006513000 JavaThread "Low Memory Detector" daemon [_thread_blocked, id=4044, stack(0x0000000006aa0000,0x0000000006ba0000)]
  0x0000000006510800 JavaThread "C2 CompilerThread1" daemon [_thread_blocked, id=5864, stack(0x00000000069a0000,0x0000000006aa0000)]
  0x00000000064f7800 JavaThread "C2 CompilerThread0" daemon [_thread_blocked, id=3100, stack(0x00000000068a0000,0x00000000069a0000)]
  0x00000000064f4000 JavaThread "Attach Listener" daemon [_thread_blocked, id=5604, stack(0x00000000067a0000,0x00000000068a0000)]
  0x00000000064ef000 JavaThread "Signal Dispatcher" daemon [_thread_blocked, id=5568, stack(0x00000000066a0000,0x00000000067a0000)]
  0x00000000003c5000 JavaThread "Finalizer" daemon [_thread_blocked, id=5896, stack(0x00000000063a0000,0x00000000064a0000)]
  0x00000000003c3000 JavaThread "Reference Handler" daemon [_thread_blocked, id=4576, stack(0x00000000062a0000,0x00000000063a0000)]
=>0x00000000003db000 JavaThread "main" [_thread_in_native, id=1472, stack(0x0000000001f50000,0x0000000002050000)]

Other Threads:
  0x00000000003bb000 VMThread [stack: 0x00000000061a0000,0x00000000062a0000] [id=2548]
  0x0000000006524800 WatcherThread [stack: 0x0000000006ba0000,0x0000000006ca0000] [id=1032]

VM state:not at safepoint (normal execution)

VM Mutex/Monitor currently owned by a thread: None

Heap
 PSYoungGen      total 38208K, used 13301K [0x00000007d5560000, 0x00000007d8000000, 0x0000000800000000)
  eden space 32768K, 40% used [0x00000007d5560000,0x00000007d625d4e8,0x00000007d7560000)
  from space 5440K, 0% used [0x00000007d7ab0000,0x00000007d7ab0000,0x00000007d8000000)
  to   space 5440K, 0% used [0x00000007d7560000,0x00000007d7560000,0x00000007d7ab0000)
 PSOldGen        total 87424K, used 0K [0x0000000780000000, 0x0000000785560000, 0x00000007d5560000)
  object space 87424K, 0% used [0x0000000780000000,0x0000000780000000,0x0000000785560000)
 PSPermGen       total 21248K, used 4932K [0x000000077ae00000, 0x000000077c2c0000, 0x0000000780000000)
  object space 21248K, 23% used [0x000000077ae00000,0x000000077b2d1160,0x000000077c2c0000)

Code Cache  [0x0000000002080000, 0x00000000022f0000, 0x0000000005080000)
 total_blobs=363 nmethods=79 adapters=238 free_code_cache=49737728 largest_free_block=7040

Dynamic libraries:
0x0000000000400000 - 0x000000000042e000 	C:\Program Files\Java\jre6\bin\javaw.exe
0x0000000076e10000 - 0x0000000076fbc000 	C:\Windows\SYSTEM32\ntdll.dll
0x00000000769e0000 - 0x0000000076aff000 	C:\Windows\system32\kernel32.dll
0x000007fefd330000 - 0x000007fefd39c000 	C:\Windows\system32\KERNELBASE.dll
0x000007fefdf00000 - 0x000007fefdfdb000 	C:\Windows\system32\ADVAPI32.dll
0x000007fefde60000 - 0x000007fefdeff000 	C:\Windows\system32\msvcrt.dll
0x000007feff100000 - 0x000007feff11f000 	C:\Windows\SYSTEM32\sechost.dll
0x000007fefefd0000 - 0x000007feff0fe000 	C:\Windows\system32\RPCRT4.dll
0x0000000076d10000 - 0x0000000076e0a000 	C:\Windows\system32\USER32.dll
0x000007fefdb30000 - 0x000007fefdb97000 	C:\Windows\system32\GDI32.dll
0x000007fefef10000 - 0x000007fefef1e000 	C:\Windows\system32\LPK.dll
0x000007fefd650000 - 0x000007fefd71a000 	C:\Windows\system32\USP10.dll
0x000007fefdba0000 - 0x000007fefdbce000 	C:\Windows\system32\IMM32.DLL
0x000007fefd720000 - 0x000007fefd829000 	C:\Windows\system32\MSCTF.dll
0x000000006d7f0000 - 0x000000006dfa8000 	C:\Program Files\Java\jre6\bin\server\jvm.dll
0x000007fefc250000 - 0x000007fefc28b000 	C:\Windows\system32\WINMM.dll
0x000000006d760000 - 0x000000006d76e000 	C:\Program Files\Java\jre6\bin\verify.dll
0x000000006d3b0000 - 0x000000006d3d7000 	C:\Program Files\Java\jre6\bin\java.dll
0x000000006d7b0000 - 0x000000006d7c2000 	C:\Program Files\Java\jre6\bin\zip.dll
0x0000000180000000 - 0x0000000180050000 	C:\Users\brad.heller\workspace\lwjgl1\lib\native\windows\lwjgl64.dll
0x000007fef4770000 - 0x000007fef488d000 	C:\Windows\system32\OPENGL32.dll
0x000007fef4740000 - 0x000007fef476d000 	C:\Windows\system32\GLU32.dll
0x000007fef4640000 - 0x000007fef4731000 	C:\Windows\system32\DDRAW.dll
0x000007fef67d0000 - 0x000007fef67d8000 	C:\Windows\system32\DCIMAN32.dll
0x000007fefd8d0000 - 0x000007fefdaa7000 	C:\Windows\system32\SETUPAPI.dll
0x000007fefd5b0000 - 0x000007fefd5e6000 	C:\Windows\system32\CFGMGR32.dll
0x000007fefee30000 - 0x000007fefef07000 	C:\Windows\system32\OLEAUT32.dll
0x000007fefdbd0000 - 0x000007fefddd2000 	C:\Windows\system32\ole32.dll
0x000007fefd630000 - 0x000007fefd64a000 	C:\Windows\system32\DEVOBJ.dll
0x000007fefd060000 - 0x000007fefd078000 	C:\Windows\system32\dwmapi.dll
0x000007fefbe40000 - 0x000007fefbe4c000 	C:\Windows\system32\VERSION.dll
0x000007fefcb70000 - 0x000007fefcd64000 	C:\Windows\WinSxS\amd64_microsoft.windows.common-controls_6595b64144ccf1df_6.0.7600.16661_none_fa62ad231704eab7\COMCTL32.dll
0x000007fefdab0000 - 0x000007fefdb21000 	C:\Windows\system32\SHLWAPI.dll
0x000007fefb6e0000 - 0x000007fefb736000 	C:\Windows\system32\uxtheme.dll
0x000007fefb890000 - 0x000007fefb898000 	C:\Windows\system32\atig6pxx.dll
0x0000000069030000 - 0x000000006a67b000 	C:\Windows\system32\atio6axx.dll
0x000007fefa0b0000 - 0x000007fefa0be000 	C:\Windows\system32\atig6txx.dll
0x00000000728e0000 - 0x00000000729a8000 	C:\Windows\system32\aticfx64.dll
0x0000000007620000 - 0x000000000767d000 	C:\Windows\system32\atiadlxx.dll
0x000007fefe080000 - 0x000007fefee06000 	C:\Windows\system32\SHELL32.dll
0x000007fefbe00000 - 0x000007fefbe1e000 	C:\Windows\system32\USERENV.dll
0x000007fefd280000 - 0x000007fefd28f000 	C:\Windows\system32\profapi.dll
0x000007fefba00000 - 0x000007fefba11000 	C:\Windows\system32\WTSAPI32.dll
0x0000000076fe0000 - 0x0000000076fe7000 	C:\Windows\system32\PSAPI.DLL
0x000007fefd5f0000 - 0x000007fefd62a000 	C:\Windows\system32\WINTRUST.dll
0x000007fefd440000 - 0x000007fefd5a6000 	C:\Windows\system32\CRYPT32.dll
0x000007fefd320000 - 0x000007fefd32f000 	C:\Windows\system32\MSASN1.dll
0x000007fefd1b0000 - 0x000007fefd1bf000 	C:\Windows\system32\CRYPTBASE.dll
0x000007fefdfe0000 - 0x000007fefe079000 	C:\Windows\system32\CLBCatQ.DLL
0x000007fef3310000 - 0x000007fef33ac000 	C:\Windows\system32\mscms.dll
0x000007fef6c20000 - 0x000007fef6c62000 	C:\Windows\system32\icm32.dll
0x000007fee7ae0000 - 0x000007fee7c05000 	C:\Windows\system32\dbghelp.dll

VM Arguments:
jvm_args: -Djava.library.path=C:\Users\brad.heller\workspace\lwjgl1\lib\native\windows -Dfile.encoding=Cp1252 
java_command: Game
Launcher Type: SUN_STANDARD

Environment Variables:
PATH=C:\Program Files (x86)\AMD APP\bin\x86_64;C:\Program Files (x86)\AMD APP\bin\x86;C:\Windows\system32;C:\Windows;C:\Windows\System32\Wbem;C:\Windows\System32\WindowsPowerShell\v1.0\;C:\Program Files (x86)\ATI Technologies\ATI.ACE\Core-Static;C:\Program Files (x86)\Git\cmd;C:\Ruby192\bin
USERNAME=brad.heller
OS=Windows_NT
PROCESSOR_IDENTIFIER=AMD64 Family 16 Model 10 Stepping 0, AuthenticAMD



---------------  S Y S T E M  ---------------

OS: Windows 7 , 64 bit Build 7600 

CPU:total 4 (4 cores per cpu, 1 threads per core) family 16 model 10 stepping 0, cmov, cx8, fxsr, mmx, sse, sse2, sse3, popcnt, mmxext, 3dnow, 3dnowext, lzcnt, sse4a

Memory: 4k page, physical 8386744k(5623788k free), swap 16771588k(13192492k free)

vm_info: Java HotSpot(TM) 64-Bit Server VM (20.2-b06) for windows-amd64 JRE (1.6.0_27-b07), built on Jul 19 2011 01:08:22 by "java_re" with MS VC++ 8.0 (VS2005)

time: Fri Aug 26 18:36:28 2011
elapsed time: 0 seconds

