#
# A fatal error has been detected by the Java Runtime Environment:
#
#  EXCEPTION_ACCESS_VIOLATION (0xc0000005) at pc=0x00000000698f1570, pid=1188, tid=424
#
# JRE version: 6.0_27-b07
# Java VM: Java HotSpot(TM) 64-Bit Server VM (20.2-b06 mixed mode windows-amd64 compressed oops)
# Problematic frame:
# C  [atio6axx.dll+0x8c1570]
#
# If you would like to submit a bug report, please visit:
#   http://java.sun.com/webapps/bugreport/crash.jsp
# The crash happened outside the Java Virtual Machine in native code.
# See problematic frame for where to report the bug.
#

---------------  T H R E A D  ---------------

Current thread (0x00000000005fb000):  JavaThread "main" [_thread_in_native, id=424, stack(0x0000000002410000,0x0000000002510000)]

siginfo: ExceptionCode=0xc0000005, reading address 0x000000000af8c0c0

Registers:
RAX=0x0000000007406180, RBX=0x000000000af8c0c0, RCX=0x000000000dfb0360, RDX=0x000000000af8c0c0
RSP=0x000000000250f050, RBP=0x000000000dfb0060, RSI=0x0000000000000002, RDI=0x0000000000000e81
R8 =0x000000000dfb0365, R9 =0x000000000250f090, R10=0x000000000dfb036c, R11=0x0000000000000002
R12=0x000000006a515200, R13=0x000000006a539c28, R14=0x0000000000000ea1, R15=0x0000000000000001
RIP=0x00000000698f1570, EFLAGS=0x0000000000010293

Top of Stack: (sp=0x000000000250f050)
0x000000000250f050:   00000000005fbc30 000000006d8c33e7
0x000000000250f060:   00000007d7562a28 000000000250f068
0x000000000250f070:   0000000000000000 000000000250f0d0
0x000000000250f080:   0000000000000000 0000000000000000
0x000000000250f090:   000000000af8c0c0 0000000c00001406
0x000000000250f0a0:   0000000007406180 0000000c0000000c
0x000000000250f0b0:   0000000002515a53 0000000000000000
0x000000000250f0c0:   00000007d75629d0 000000018000e270
0x000000000250f0d0:   00000007d7562a28 0000000000000009
0x000000000250f0e0:   0000000000000000 000000000250f0d8
0x000000000250f0f0:   000000077ae2a758 000000000250f180
0x000000000250f100:   000000077aea6ad8 0000000000000000
0x000000000250f110:   000000077ae2a770 0000000000000000
0x000000000250f120:   000000000250f178 000000000250f1c0
0x000000000250f130:   0000000002510524 0000000000000000
0x000000000250f140:   000000018000e270 0000000000000000 

Instructions: (pc=0x00000000698f1570)
0x00000000698f1550:   45 8b 51 0c 49 8b 19 4c 03 d1 48 8b d3 4d 8d 42
0x00000000698f1560:   f9 49 3b c8 73 1e 66 66 0f 1f 84 00 00 00 00 00
0x00000000698f1570:   48 8b 02 48 83 c1 08 48 83 c2 08 48 89 41 f8 49
0x00000000698f1580:   3b c8 72 ec 4d 8d 42 fd 49 3b c8 73 15 0f 1f 00 


Register to memory mapping:

RAX=0x0000000007406180 is an unknown value
RBX=0x000000000af8c0c0 is an unknown value
RCX=0x000000000dfb0360 is an unknown value
RDX=0x000000000af8c0c0 is an unknown value
RSP=0x000000000250f050 is pointing into the stack for thread: 0x00000000005fb000
RBP=0x000000000dfb0060 is an unknown value
RSI=0x0000000000000002 is an unknown value
RDI=0x0000000000000e81 is an unknown value
R8 =0x000000000dfb0365 is an unknown value
R9 =0x000000000250f090 is pointing into the stack for thread: 0x00000000005fb000
R10=0x000000000dfb036c is an unknown value
R11=0x0000000000000002 is an unknown value
R12=0x000000006a515200 is an unknown value
R13=0x000000006a539c28 is an unknown value
R14=0x0000000000000ea1 is an unknown value
R15=0x0000000000000001 is an unknown value


Stack: [0x0000000002410000,0x0000000002510000],  sp=0x000000000250f050,  free space=1020k
Native frames: (J=compiled Java code, j=interpreted, Vv=VM code, C=native code)
C  [atio6axx.dll+0x8c1570]  atiPPHSN+0x35b460

Java frames: (J=compiled Java code, j=interpreted, Vv=VM code)
j  org.lwjgl.opengl.GL11.nglDrawElements(IIILjava/nio/Buffer;IJ)V+0
j  org.lwjgl.opengl.GL11.glDrawElements(ILjava/nio/IntBuffer;)V+37
j  ObjEntity.renderVertices()V+211
j  Entity.render()V+8
j  EntityRenderer.renderAll()V+57
j  GameWindow.start()V+65
j  Game.play()V+4
j  Game.main([Ljava/lang/String;)V+7
v  ~StubRoutines::call_stub

---------------  P R O C E S S  ---------------

Java Threads: ( => current thread )
  0x0000000006828800 JavaThread "AWT-Windows" daemon [_thread_in_native, id=2020, stack(0x000000000bd70000,0x000000000be70000)]
  0x0000000006828000 JavaThread "AWT-Shutdown" [_thread_blocked, id=3388, stack(0x000000000bc70000,0x000000000bd70000)]
  0x0000000006827000 JavaThread "Java2D Disposer" daemon [_thread_blocked, id=2144, stack(0x000000000b900000,0x000000000ba00000)]
  0x00000000067b3800 JavaThread "Low Memory Detector" daemon [_thread_blocked, id=3812, stack(0x0000000006e40000,0x0000000006f40000)]
  0x00000000067ae800 JavaThread "C2 CompilerThread1" daemon [_thread_blocked, id=3036, stack(0x0000000006d40000,0x0000000006e40000)]
  0x000000000679b800 JavaThread "C2 CompilerThread0" daemon [_thread_blocked, id=4960, stack(0x0000000006c40000,0x0000000006d40000)]
  0x0000000006798800 JavaThread "Attach Listener" daemon [_thread_blocked, id=2572, stack(0x0000000006b40000,0x0000000006c40000)]
  0x0000000006794000 JavaThread "Signal Dispatcher" daemon [_thread_blocked, id=3844, stack(0x0000000006a40000,0x0000000006b40000)]
  0x000000000052a000 JavaThread "Finalizer" daemon [_thread_blocked, id=3116, stack(0x0000000006940000,0x0000000006a40000)]
  0x0000000000528800 JavaThread "Reference Handler" daemon [_thread_blocked, id=3276, stack(0x0000000006640000,0x0000000006740000)]
=>0x00000000005fb000 JavaThread "main" [_thread_in_native, id=424, stack(0x0000000002410000,0x0000000002510000)]

Other Threads:
  0x0000000000520800 VMThread [stack: 0x0000000006540000,0x0000000006640000] [id=4692]
  0x00000000067bc800 WatcherThread [stack: 0x0000000006f40000,0x0000000007040000] [id=4200]

VM state:not at safepoint (normal execution)

VM Mutex/Monitor currently owned by a thread: None

Heap
 PSYoungGen      total 38208K, used 11163K [0x00000007d5560000, 0x00000007d8000000, 0x0000000800000000)
  eden space 32768K, 17% used [0x00000007d5560000,0x00000007d5afdff0,0x00000007d7560000)
  from space 5440K, 99% used [0x00000007d7560000,0x00000007d7aa8f48,0x00000007d7ab0000)
  to   space 5440K, 0% used [0x00000007d7ab0000,0x00000007d7ab0000,0x00000007d8000000)
 PSOldGen        total 87424K, used 8K [0x0000000780000000, 0x0000000785560000, 0x00000007d5560000)
  object space 87424K, 0% used [0x0000000780000000,0x0000000780002000,0x0000000785560000)
 PSPermGen       total 21248K, used 8686K [0x000000077ae00000, 0x000000077c2c0000, 0x0000000780000000)
  object space 21248K, 40% used [0x000000077ae00000,0x000000077b67ba30,0x000000077c2c0000)

Code Cache  [0x0000000002510000, 0x0000000002780000, 0x0000000005510000)
 total_blobs=519 nmethods=108 adapters=364 free_code_cache=49551680 largest_free_block=12416

Dynamic libraries:
0x0000000000400000 - 0x000000000042e000 	C:\Program Files\Java\jre6\bin\javaw.exe
0x0000000076e10000 - 0x0000000076fbc000 	C:\Windows\SYSTEM32\ntdll.dll
0x00000000769e0000 - 0x0000000076aff000 	C:\Windows\system32\kernel32.dll
0x000007fefd330000 - 0x000007fefd39c000 	C:\Windows\system32\KERNELBASE.dll
0x000007fefdf00000 - 0x000007fefdfdb000 	C:\Windows\system32\ADVAPI32.dll
0x000007fefde60000 - 0x000007fefdeff000 	C:\Windows\system32\msvcrt.dll
0x000007feff100000 - 0x000007feff11f000 	C:\Windows\SYSTEM32\sechost.dll
0x000007fefefd0000 - 0x000007feff0fe000 	C:\Windows\system32\RPCRT4.dll
0x0000000076d10000 - 0x0000000076e0a000 	C:\Windows\system32\USER32.dll
0x000007fefdb30000 - 0x000007fefdb97000 	C:\Windows\system32\GDI32.dll
0x000007fefef10000 - 0x000007fefef1e000 	C:\Windows\system32\LPK.dll
0x000007fefd650000 - 0x000007fefd71a000 	C:\Windows\system32\USP10.dll
0x000007fefdba0000 - 0x000007fefdbce000 	C:\Windows\system32\IMM32.DLL
0x000007fefd720000 - 0x000007fefd829000 	C:\Windows\system32\MSCTF.dll
0x000000006d7f0000 - 0x000000006dfa8000 	C:\Program Files\Java\jre6\bin\server\jvm.dll
0x000007fefc250000 - 0x000007fefc28b000 	C:\Windows\system32\WINMM.dll
0x000000006d760000 - 0x000000006d76e000 	C:\Program Files\Java\jre6\bin\verify.dll
0x000000006d3b0000 - 0x000000006d3d7000 	C:\Program Files\Java\jre6\bin\java.dll
0x000000006d7b0000 - 0x000000006d7c2000 	C:\Program Files\Java\jre6\bin\zip.dll
0x0000000180000000 - 0x0000000180050000 	C:\Users\brad.heller\workspace\lwjgl1\lib\native\windows\lwjgl64.dll
0x000007fef4770000 - 0x000007fef488d000 	C:\Windows\system32\OPENGL32.dll
0x000007fef4740000 - 0x000007fef476d000 	C:\Windows\system32\GLU32.dll
0x000007fef4640000 - 0x000007fef4731000 	C:\Windows\system32\DDRAW.dll
0x000007fef67d0000 - 0x000007fef67d8000 	C:\Windows\system32\DCIMAN32.dll
0x000007fefd8d0000 - 0x000007fefdaa7000 	C:\Windows\system32\SETUPAPI.dll
0x000007fefd5b0000 - 0x000007fefd5e6000 	C:\Windows\system32\CFGMGR32.dll
0x000007fefee30000 - 0x000007fefef07000 	C:\Windows\system32\OLEAUT32.dll
0x000007fefdbd0000 - 0x000007fefddd2000 	C:\Windows\system32\ole32.dll
0x000007fefd630000 - 0x000007fefd64a000 	C:\Windows\system32\DEVOBJ.dll
0x000007fefd060000 - 0x000007fefd078000 	C:\Windows\system32\dwmapi.dll
0x000007fefbe40000 - 0x000007fefbe4c000 	C:\Windows\system32\VERSION.dll
0x000007fefcb70000 - 0x000007fefcd64000 	C:\Windows\WinSxS\amd64_microsoft.windows.common-controls_6595b64144ccf1df_6.0.7600.16661_none_fa62ad231704eab7\COMCTL32.dll
0x000007fefdab0000 - 0x000007fefdb21000 	C:\Windows\system32\SHLWAPI.dll
0x000007fefb6e0000 - 0x000007fefb736000 	C:\Windows\system32\uxtheme.dll
0x000007fefa0b0000 - 0x000007fefa0b8000 	C:\Windows\system32\atig6pxx.dll
0x0000000069030000 - 0x000000006a67b000 	C:\Windows\system32\atio6axx.dll
0x000007fefb8b0000 - 0x000007fefb8be000 	C:\Windows\system32\atig6txx.dll
0x00000000728e0000 - 0x00000000729a8000 	C:\Windows\system32\aticfx64.dll
0x00000000003a0000 - 0x00000000003fd000 	C:\Windows\system32\atiadlxx.dll
0x000007fefe080000 - 0x000007fefee06000 	C:\Windows\system32\SHELL32.dll
0x000007fefbe00000 - 0x000007fefbe1e000 	C:\Windows\system32\USERENV.dll
0x000007fefd280000 - 0x000007fefd28f000 	C:\Windows\system32\profapi.dll
0x000007fefba00000 - 0x000007fefba11000 	C:\Windows\system32\WTSAPI32.dll
0x0000000076fe0000 - 0x0000000076fe7000 	C:\Windows\system32\PSAPI.DLL
0x000007fefd5f0000 - 0x000007fefd62a000 	C:\Windows\system32\WINTRUST.dll
0x000007fefd440000 - 0x000007fefd5a6000 	C:\Windows\system32\CRYPT32.dll
0x000007fefd320000 - 0x000007fefd32f000 	C:\Windows\system32\MSASN1.dll
0x000007fefd1b0000 - 0x000007fefd1bf000 	C:\Windows\system32\CRYPTBASE.dll
0x000007fefdfe0000 - 0x000007fefe079000 	C:\Windows\system32\CLBCatQ.DLL
0x000007feea430000 - 0x000007feea4cc000 	C:\Windows\system32\mscms.dll
0x000007fee81c0000 - 0x000007fee8202000 	C:\Windows\system32\icm32.dll
0x000007fefc850000 - 0x000007fefc867000 	C:\Windows\system32\CRYPTSP.dll
0x000007fefc550000 - 0x000007fefc597000 	C:\Windows\system32\rsaenh.dll
0x000000006d600000 - 0x000000006d617000 	C:\Program Files\Java\jre6\bin\net.dll
0x000007fefef80000 - 0x000007fefefcd000 	C:\Windows\system32\WS2_32.dll
0x000007fefef20000 - 0x000007fefef28000 	C:\Windows\system32\NSI.dll
0x000007fefc7f0000 - 0x000007fefc844000 	C:\Windows\system32\mswsock.dll
0x000007fefc7e0000 - 0x000007fefc7e7000 	C:\Windows\System32\wship6.dll
0x000007fefbeb0000 - 0x000007fefbec5000 	C:\Windows\system32\NLAapi.dll
0x000007fefc670000 - 0x000007fefc6cb000 	C:\Windows\system32\DNSAPI.dll
0x000007fef67c0000 - 0x000007fef67cb000 	C:\Windows\System32\winrnr.dll
0x000007fef67a0000 - 0x000007fef67b5000 	C:\Windows\system32\napinsp.dll
0x000007fef6780000 - 0x000007fef6799000 	C:\Windows\system32\pnrpnsp.dll
0x000007fefbcf0000 - 0x000007fefbcf7000 	C:\Windows\System32\wshtcpip.dll
0x000007fefa770000 - 0x000007fefa797000 	C:\Windows\system32\IPHLPAPI.DLL
0x000007fefa750000 - 0x000007fefa75b000 	C:\Windows\system32\WINNSI.DLL
0x000007fefa260000 - 0x000007fefa268000 	C:\Windows\system32\rasadhlp.dll
0x000007fefa5d0000 - 0x000007fefa623000 	C:\Windows\System32\fwpuclnt.dll
0x000000006d000000 - 0x000000006d1c3000 	C:\Program Files\Java\jre6\bin\awt.dll
0x000007fef9f60000 - 0x000007fef9fd0000 	C:\Windows\system32\WINSPOOL.DRV
0x000000006d4d0000 - 0x000000006d505000 	C:\Program Files\Java\jre6\bin\jpeg.dll
0x000000006d1d0000 - 0x000000006d20d000 	C:\Program Files\Java\jre6\bin\cmm.dll
0x000000006d2a0000 - 0x000000006d306000 	C:\Program Files\Java\jre6\bin\fontmanager.dll
0x000007fee7f40000 - 0x000007fee813f000 	C:\Windows\system32\d3d9.dll
0x000007fef59a0000 - 0x000007fef59a7000 	C:\Windows\system32\d3d8thk.dll
0x000007fef5990000 - 0x000007fef599d000 	C:\Windows\system32\atiu9p64.dll
0x000000006aed0000 - 0x000000006b409000 	C:\Windows\system32\atiumd64.dll
0x000000006b580000 - 0x000000006b94a000 	C:\Windows\system32\atiumd6a.dll

VM Arguments:
jvm_args: -Djava.library.path=C:\Users\brad.heller\workspace\lwjgl1\lib\native\windows -Dfile.encoding=Cp1252 
java_command: Game
Launcher Type: SUN_STANDARD

Environment Variables:
PATH=C:\Program Files (x86)\AMD APP\bin\x86_64;C:\Program Files (x86)\AMD APP\bin\x86;C:\Windows\system32;C:\Windows;C:\Windows\System32\Wbem;C:\Windows\System32\WindowsPowerShell\v1.0\;C:\Program Files (x86)\ATI Technologies\ATI.ACE\Core-Static;C:\Program Files (x86)\Git\cmd;C:\Ruby192\bin
USERNAME=brad.heller
OS=Windows_NT
PROCESSOR_IDENTIFIER=AMD64 Family 16 Model 10 Stepping 0, AuthenticAMD



---------------  S Y S T E M  ---------------

OS: Windows 7 , 64 bit Build 7600 

CPU:total 4 (4 cores per cpu, 1 threads per core) family 16 model 10 stepping 0, cmov, cx8, fxsr, mmx, sse, sse2, sse3, popcnt, mmxext, 3dnow, 3dnowext, lzcnt, sse4a

Memory: 4k page, physical 8386744k(6354460k free), swap 16771588k(13548704k free)

vm_info: Java HotSpot(TM) 64-Bit Server VM (20.2-b06) for windows-amd64 JRE (1.6.0_27-b07), built on Jul 19 2011 01:08:22 by "java_re" with MS VC++ 8.0 (VS2005)

time: Mon Aug 22 17:49:17 2011
elapsed time: 0 seconds

